(0000) 3000  0011000000000000 (   1)                 .ORIG x3000
(3000) E021  1110000000100001 (   3)                 LEA   R0 prompt
(3001) F022  1111000000100010 (   4)                 TRAP  x22
(3002) F020  1111000000100000 (   5)                 TRAP  x20
(3003) F021  1111000000100001 (   6)                 TRAP  x21
(3004) 1A20  0001101000100000 (   7)                 ADD   R5 R0 #0
(3005) 5920  0101100100100000 (   8)                 AND   R4 R4 #0
(3006) E044  1110000001000100 (   9)                 LEA   R0 prompt1
(3007) F022  1111000000100010 (  10)                 TRAP  x22
(3008) 209F  0010000010011111 (  13) stringloop      LD    R0 value
(3009) 2C9E  0010110010011110 (  14)                 LD    R6 value
(300A) F020  1111000000100000 (  15)                 TRAP  x20
(300B) F021  1111000000100001 (  16)                 TRAP  x21
(300C) 923F  1001001000111111 (  17)                 NOT   R1 R0
(300D) 1261  0001001001100001 (  18)                 ADD   R1 R1 #1
(300E) 1E60  0001111001100000 (  19)                 ADD   R7 R1 #0
(300F) 1FC5  0001111111000101 (  20)                 ADD   R7 R7 R5
(3010) 0A04  0000101000000100 (  21)                 BRNP  shit
(3011) 1921  0001100100100001 (  22)                 ADD   R4 R4 #1
(3012) 1D37  0001110100110111 (  23)                 ADD   R6 R4 #-9
(3013) 040B  0000010000001011 (  24)                 BRZ   bleh
(3014) 0BF3  0000101111110011 (  25)                 BRNP  stringloop
(3015) 1036  0001000000110110 (  27) shit            ADD   R0 R0 #-10
(3016) 0401  0000010000000001 (  28)                 BRZ   numTimes
(3017) 0BF0  0000101111110000 (  29)                 BRNP  stringloop
(3018) E05C  1110000001011100 (  33) numTimes        LEA   R0 prompt2
(3019) F022  1111000000100010 (  34)                 TRAP  x22
(301A) 5020  0101000000100000 (  35)                 AND   R0 R0 #0
(301B) 268D  0010011010001101 (  36)                 LD    R3 value1
(301C) 1103  0001000100000011 (  37)                 ADD   R0 R4 R3
(301D) F021  1111000000100001 (  38)                 TRAP  x21
(301E) 0E02  0000111000000010 (  39)                 BRNZP done
(301F) E065  1110000001100101 (  42) bleh            LEA   R0 prompt3
(3020) F022  1111000000100010 (  43)                 TRAP  x22
(3021) F025  1111000000100101 (  47) done            TRAP  x25
(3022) 0050  0000000001010000 (  49) prompt          .FILL x0050
(3023) 006C  0000000001101100 (  49)                 .FILL x006C
(3024) 0065  0000000001100101 (  49)                 .FILL x0065
(3025) 0061  0000000001100001 (  49)                 .FILL x0061
(3026) 0073  0000000001110011 (  49)                 .FILL x0073
(3027) 0065  0000000001100101 (  49)                 .FILL x0065
(3028) 0020  0000000000100000 (  49)                 .FILL x0020
(3029) 0065  0000000001100101 (  49)                 .FILL x0065
(302A) 006E  0000000001101110 (  49)                 .FILL x006E
(302B) 0074  0000000001110100 (  49)                 .FILL x0074
(302C) 0065  0000000001100101 (  49)                 .FILL x0065
(302D) 0072  0000000001110010 (  49)                 .FILL x0072
(302E) 0020  0000000000100000 (  49)                 .FILL x0020
(302F) 0061  0000000001100001 (  49)                 .FILL x0061
(3030) 0020  0000000000100000 (  49)                 .FILL x0020
(3031) 0063  0000000001100011 (  49)                 .FILL x0063
(3032) 0068  0000000001101000 (  49)                 .FILL x0068
(3033) 0061  0000000001100001 (  49)                 .FILL x0061
(3034) 0072  0000000001110010 (  49)                 .FILL x0072
(3035) 0061  0000000001100001 (  49)                 .FILL x0061
(3036) 0063  0000000001100011 (  49)                 .FILL x0063
(3037) 0074  0000000001110100 (  49)                 .FILL x0074
(3038) 0065  0000000001100101 (  49)                 .FILL x0065
(3039) 0072  0000000001110010 (  49)                 .FILL x0072
(303A) 0020  0000000000100000 (  49)                 .FILL x0020
(303B) 0074  0000000001110100 (  49)                 .FILL x0074
(303C) 006F  0000000001101111 (  49)                 .FILL x006F
(303D) 0020  0000000000100000 (  49)                 .FILL x0020
(303E) 0073  0000000001110011 (  49)                 .FILL x0073
(303F) 0065  0000000001100101 (  49)                 .FILL x0065
(3040) 0061  0000000001100001 (  49)                 .FILL x0061
(3041) 0072  0000000001110010 (  49)                 .FILL x0072
(3042) 0063  0000000001100011 (  49)                 .FILL x0063
(3043) 0068  0000000001101000 (  49)                 .FILL x0068
(3044) 0020  0000000000100000 (  49)                 .FILL x0020
(3045) 0066  0000000001100110 (  49)                 .FILL x0066
(3046) 006F  0000000001101111 (  49)                 .FILL x006F
(3047) 0072  0000000001110010 (  49)                 .FILL x0072
(3048) 003A  0000000000111010 (  49)                 .FILL x003A
(3049) 0020  0000000000100000 (  49)                 .FILL x0020
(304A) 0000  0000000000000000 (  49)                 .FILL x0000
(304B) 0050  0000000001010000 (  50) prompt1         .FILL x0050
(304C) 006C  0000000001101100 (  50)                 .FILL x006C
(304D) 0065  0000000001100101 (  50)                 .FILL x0065
(304E) 0061  0000000001100001 (  50)                 .FILL x0061
(304F) 0073  0000000001110011 (  50)                 .FILL x0073
(3050) 0065  0000000001100101 (  50)                 .FILL x0065
(3051) 0020  0000000000100000 (  50)                 .FILL x0020
(3052) 0065  0000000001100101 (  50)                 .FILL x0065
(3053) 006E  0000000001101110 (  50)                 .FILL x006E
(3054) 0074  0000000001110100 (  50)                 .FILL x0074
(3055) 0065  0000000001100101 (  50)                 .FILL x0065
(3056) 0072  0000000001110010 (  50)                 .FILL x0072
(3057) 0020  0000000000100000 (  50)                 .FILL x0020
(3058) 0061  0000000001100001 (  50)                 .FILL x0061
(3059) 0020  0000000000100000 (  50)                 .FILL x0020
(305A) 0073  0000000001110011 (  50)                 .FILL x0073
(305B) 0074  0000000001110100 (  50)                 .FILL x0074
(305C) 0072  0000000001110010 (  50)                 .FILL x0072
(305D) 0069  0000000001101001 (  50)                 .FILL x0069
(305E) 006E  0000000001101110 (  50)                 .FILL x006E
(305F) 0067  0000000001100111 (  50)                 .FILL x0067
(3060) 0020  0000000000100000 (  50)                 .FILL x0020
(3061) 0074  0000000001110100 (  50)                 .FILL x0074
(3062) 006F  0000000001101111 (  50)                 .FILL x006F
(3063) 0020  0000000000100000 (  50)                 .FILL x0020
(3064) 0073  0000000001110011 (  50)                 .FILL x0073
(3065) 0065  0000000001100101 (  50)                 .FILL x0065
(3066) 0061  0000000001100001 (  50)                 .FILL x0061
(3067) 0072  0000000001110010 (  50)                 .FILL x0072
(3068) 0063  0000000001100011 (  50)                 .FILL x0063
(3069) 0068  0000000001101000 (  50)                 .FILL x0068
(306A) 0020  0000000000100000 (  50)                 .FILL x0020
(306B) 0074  0000000001110100 (  50)                 .FILL x0074
(306C) 0068  0000000001101000 (  50)                 .FILL x0068
(306D) 0072  0000000001110010 (  50)                 .FILL x0072
(306E) 006F  0000000001101111 (  50)                 .FILL x006F
(306F) 0075  0000000001110101 (  50)                 .FILL x0075
(3070) 0067  0000000001100111 (  50)                 .FILL x0067
(3071) 0068  0000000001101000 (  50)                 .FILL x0068
(3072) 003A  0000000000111010 (  50)                 .FILL x003A
(3073) 0020  0000000000100000 (  50)                 .FILL x0020
(3074) 0000  0000000000000000 (  50)                 .FILL x0000
(3075) 0054  0000000001010100 (  51) prompt2         .FILL x0054
(3076) 0068  0000000001101000 (  51)                 .FILL x0068
(3077) 0065  0000000001100101 (  51)                 .FILL x0065
(3078) 0020  0000000000100000 (  51)                 .FILL x0020
(3079) 0063  0000000001100011 (  51)                 .FILL x0063
(307A) 006F  0000000001101111 (  51)                 .FILL x006F
(307B) 0075  0000000001110101 (  51)                 .FILL x0075
(307C) 006E  0000000001101110 (  51)                 .FILL x006E
(307D) 0074  0000000001110100 (  51)                 .FILL x0074
(307E) 0020  0000000000100000 (  51)                 .FILL x0020
(307F) 0077  0000000001110111 (  51)                 .FILL x0077
(3080) 0061  0000000001100001 (  51)                 .FILL x0061
(3081) 0073  0000000001110011 (  51)                 .FILL x0073
(3082) 003A  0000000000111010 (  51)                 .FILL x003A
(3083) 0020  0000000000100000 (  51)                 .FILL x0020
(3084) 0000  0000000000000000 (  51)                 .FILL x0000
(3085) 0054  0000000001010100 (  52) prompt3         .FILL x0054
(3086) 0068  0000000001101000 (  52)                 .FILL x0068
(3087) 0065  0000000001100101 (  52)                 .FILL x0065
(3088) 0072  0000000001110010 (  52)                 .FILL x0072
(3089) 0065  0000000001100101 (  52)                 .FILL x0065
(308A) 0020  0000000000100000 (  52)                 .FILL x0020
(308B) 0077  0000000001110111 (  52)                 .FILL x0077
(308C) 0065  0000000001100101 (  52)                 .FILL x0065
(308D) 0072  0000000001110010 (  52)                 .FILL x0072
(308E) 0065  0000000001100101 (  52)                 .FILL x0065
(308F) 0020  0000000000100000 (  52)                 .FILL x0020
(3090) 006D  0000000001101101 (  52)                 .FILL x006D
(3091) 006F  0000000001101111 (  52)                 .FILL x006F
(3092) 0072  0000000001110010 (  52)                 .FILL x0072
(3093) 0065  0000000001100101 (  52)                 .FILL x0065
(3094) 0020  0000000000100000 (  52)                 .FILL x0020
(3095) 0074  0000000001110100 (  52)                 .FILL x0074
(3096) 0068  0000000001101000 (  52)                 .FILL x0068
(3097) 0061  0000000001100001 (  52)                 .FILL x0061
(3098) 006E  0000000001101110 (  52)                 .FILL x006E
(3099) 0020  0000000000100000 (  52)                 .FILL x0020
(309A) 0039  0000000000111001 (  52)                 .FILL x0039
(309B) 0020  0000000000100000 (  52)                 .FILL x0020
(309C) 006F  0000000001101111 (  52)                 .FILL x006F
(309D) 0063  0000000001100011 (  52)                 .FILL x0063
(309E) 0063  0000000001100011 (  52)                 .FILL x0063
(309F) 0075  0000000001110101 (  52)                 .FILL x0075
(30A0) 0072  0000000001110010 (  52)                 .FILL x0072
(30A1) 0065  0000000001100101 (  52)                 .FILL x0065
(30A2) 006E  0000000001101110 (  52)                 .FILL x006E
(30A3) 0063  0000000001100011 (  52)                 .FILL x0063
(30A4) 0065  0000000001100101 (  52)                 .FILL x0065
(30A5) 0073  0000000001110011 (  52)                 .FILL x0073
(30A6) 002E  0000000000101110 (  52)                 .FILL x002E
(30A7) 0000  0000000000000000 (  52)                 .FILL x0000
(30A8) 0000  0000000000000000 (  53) value           .FILL x0000
(30A9) 0030  0000000000110000 (  54) value1          .FILL x0030
(30AA) F025  1111000000100101 (  55)                 TRAP  x25
