(0000) 3000  0011000000000000 (   1)                 .ORIG x3000
(3000) 5020  0101000000100000 (   2)                 AND   R0 R0 #0
(3001) 220E  0010001000001110 (   3)                 LD    R1 orgbit
(3002) 240F  0010010000001111 (   4)                 LD    R2 mask
(3003) 280D  0010100000001101 (   5)                 LD    R4 numsft
(3004) 5642  0101011001000010 (   7) aloop           AND   R3 R1 R2
(3005) 0203  0000001000000011 (   8)                 BRP   pos
(3006) 0802  0000100000000010 (   9)                 BRN   pos
(3007) 1000  0001000000000000 (  11)                 ADD   R0 R0 R0
(3008) 0E02  0000111000000010 (  12)                 BRNZP done
(3009) 1000  0001000000000000 (  15) pos             ADD   R0 R0 R0
(300A) 1021  0001000000100001 (  16)                 ADD   R0 R0 #1
(300B) 1241  0001001001000001 (  19) done            ADD   R1 R1 R1
(300C) 193F  0001100100111111 (  20)                 ADD   R4 R4 #-1
(300D) 03F6  0000001111110110 (  21)                 BRP   aloop
(300E) 3004  0011000000000100 (  23)                 ST    R0 spill
(300F) 3204  0011001000000100 (  24)                 ST    R1 modorig
(3010) B000  1011000000000000 (  26) orgbit          .FILL xB000
(3011) 0004  0000000000000100 (  27) numsft          .FILL x0004
(3012) 8000  1000000000000000 (  28) mask            .FILL x8000
(3013) 0000  0000000000000000 (  30) spill           .FILL x0000
(3014) 0000  0000000000000000 (  32) modorig         .FILL x0000
